2024-02-13 23:20:05,273 [Worker-3: Loading available Gradle versions] INFO  o.e.b.c.i.u.g.PublishedGradleVersions - Gradle version information cache is up-to-date. Trying to read.
2024-02-13 23:25:33,055 [Worker-3: Importing Maven projects] INFO  o.e.m.c.i.l.LifecycleMappingFactory - Using org.eclipse.m2e.jdt.JarLifecycleMapping lifecycle mapping for MavenProject: ie.tus.athlone:MoviesInfo:0.0.1-SNAPSHOT @ C:\Users\nouma\Downloads\BEng Software Eng\Semester 2\Project 4\Final\Backend\MoviesInfo\MoviesInfo\pom.xml.
2024-02-13 23:25:35,339 [Worker-3: Importing Maven projects] INFO  o.e.m.j.i.AbstractJavaProjectConfigurator - Adding source folder /MoviesInfo/src/main/java
2024-02-13 23:25:35,340 [Worker-3: Importing Maven projects] INFO  o.e.m.j.i.AbstractJavaProjectConfigurator - Adding resource folder /MoviesInfo/src/main/resources
2024-02-13 23:25:35,349 [Worker-3: Importing Maven projects] INFO  o.e.m.j.i.AbstractJavaProjectConfigurator - Adding resource folder /MoviesInfo/src/main/resources
2024-02-13 23:25:35,359 [Worker-3: Importing Maven projects] INFO  o.e.m.j.i.AbstractJavaProjectConfigurator - Adding source folder /MoviesInfo/src/test/java
2024-02-13 23:25:35,360 [Worker-3: Importing Maven projects] INFO  o.e.m.j.i.AbstractJavaProjectConfigurator - Adding resource folder /MoviesInfo/src/test/resources
2024-02-13 23:25:37,156 [Worker-3: Importing Maven projects] INFO  o.e.m.c.i.p.ProjectConfigurationManager - Imported and configured 1 project(s) in 6 sec
2024-02-13 23:25:40,072 [Worker-3: Building] INFO  o.a.m.s.f.DefaultMavenResourcesFiltering - Copying 1 resource from src\main\resources to target\classes
2024-02-13 23:25:40,117 [Worker-3: Building] INFO  o.a.m.s.f.DefaultMavenResourcesFiltering - Copying 0 resource from src\main\resources to target\classes
2024-02-13 23:25:40,128 [Worker-3: Building] INFO  o.a.m.s.f.DefaultMavenResourcesFiltering - skip non existing resourceDirectory C:\Users\nouma\Downloads\BEng Software Eng\Semester 2\Project 4\Final\Backend\MoviesInfo\MoviesInfo\src\test\resources
2024-02-13 23:27:18,993 [Worker-12: Building] INFO  o.e.m.c.i.l.LifecycleMappingFactory - Using org.eclipse.m2e.jdt.JarLifecycleMapping lifecycle mapping for MavenProject: ie.tus.athlone:MoviesInfo:0.0.1-SNAPSHOT @ C:\Users\nouma\Downloads\BEng Software Eng\Semester 2\Project 4\Final\Backend\MoviesInfo\MoviesInfo\pom.xml.
2024-02-13 23:27:20,300 [Worker-12: Building] INFO  o.a.m.s.f.DefaultMavenResourcesFiltering - Copying 0 resource from src\main\resources to target\classes
2024-02-13 23:27:20,302 [Worker-12: Building] INFO  o.a.m.s.f.DefaultMavenResourcesFiltering - Copying 0 resource from src\main\resources to target\classes
2024-02-13 23:27:20,311 [Worker-12: Building] INFO  o.a.m.s.f.DefaultMavenResourcesFiltering - skip non existing resourceDirectory C:\Users\nouma\Downloads\BEng Software Eng\Semester 2\Project 4\Final\Backend\MoviesInfo\MoviesInfo\src\test\resources
2024-02-13 23:27:45,740 [Worker-9: Building] INFO  o.e.m.c.i.l.LifecycleMappingFactory - Using org.eclipse.m2e.jdt.JarLifecycleMapping lifecycle mapping for MavenProject: ie.tus.athlone:MoviesInfo:0.0.1-SNAPSHOT @ C:\Users\nouma\Downloads\BEng Software Eng\Semester 2\Project 4\Final\Backend\MoviesInfo\MoviesInfo\pom.xml.
2024-02-13 23:27:46,908 [Worker-9: Building] INFO  o.a.m.s.f.DefaultMavenResourcesFiltering - Copying 0 resource from src\main\resources to target\classes
2024-02-13 23:27:46,911 [Worker-9: Building] INFO  o.a.m.s.f.DefaultMavenResourcesFiltering - Copying 0 resource from src\main\resources to target\classes
2024-02-13 23:27:46,921 [Worker-9: Building] INFO  o.a.m.s.f.DefaultMavenResourcesFiltering - skip non existing resourceDirectory C:\Users\nouma\Downloads\BEng Software Eng\Semester 2\Project 4\Final\Backend\MoviesInfo\MoviesInfo\src\test\resources
2024-02-13 23:27:56,681 [Worker-5: Building] INFO  o.e.m.c.i.l.LifecycleMappingFactory - Using org.eclipse.m2e.jdt.JarLifecycleMapping lifecycle mapping for MavenProject: ie.tus.athlone:MoviesInfo:0.0.1-SNAPSHOT @ C:\Users\nouma\Downloads\BEng Software Eng\Semester 2\Project 4\Final\Backend\MoviesInfo\MoviesInfo\pom.xml.
2024-02-13 23:27:57,089 [Worker-5: Building] WARN  o.e.m.c.i.embedder.EclipseLogger - The POM for com.mysql:mysql-connector-j:jar:8.0.21 is missing, no dependency information available
2024-02-13 23:27:58,090 [Worker-5: Building] INFO  o.a.m.s.f.DefaultMavenResourcesFiltering - Copying 0 resource from src\main\resources to target\classes
2024-02-13 23:27:58,093 [Worker-5: Building] INFO  o.a.m.s.f.DefaultMavenResourcesFiltering - Copying 0 resource from src\main\resources to target\classes
2024-02-13 23:27:58,103 [Worker-5: Building] INFO  o.a.m.s.f.DefaultMavenResourcesFiltering - skip non existing resourceDirectory C:\Users\nouma\Downloads\BEng Software Eng\Semester 2\Project 4\Final\Backend\MoviesInfo\MoviesInfo\src\test\resources
2024-02-13 23:28:42,404 [Worker-5: Building] INFO  o.e.m.c.i.l.LifecycleMappingFactory - Using org.eclipse.m2e.jdt.JarLifecycleMapping lifecycle mapping for MavenProject: ie.tus.athlone:MoviesInfo:0.0.1-SNAPSHOT @ C:\Users\nouma\Downloads\BEng Software Eng\Semester 2\Project 4\Final\Backend\MoviesInfo\MoviesInfo\pom.xml.
2024-02-13 23:28:43,951 [Worker-5: Building] INFO  o.a.m.s.f.DefaultMavenResourcesFiltering - Copying 0 resource from src\main\resources to target\classes
2024-02-13 23:28:43,954 [Worker-5: Building] INFO  o.a.m.s.f.DefaultMavenResourcesFiltering - Copying 0 resource from src\main\resources to target\classes
2024-02-13 23:28:43,961 [Worker-5: Building] INFO  o.a.m.s.f.DefaultMavenResourcesFiltering - skip non existing resourceDirectory C:\Users\nouma\Downloads\BEng Software Eng\Semester 2\Project 4\Final\Backend\MoviesInfo\MoviesInfo\src\test\resources
2024-02-13 23:29:14,396 [Worker-9: Building] INFO  o.e.m.c.i.l.LifecycleMappingFactory - Using org.eclipse.m2e.jdt.JarLifecycleMapping lifecycle mapping for MavenProject: ie.tus.athlone:MoviesInfo:0.0.1-SNAPSHOT @ C:\Users\nouma\Downloads\BEng Software Eng\Semester 2\Project 4\Final\Backend\MoviesInfo\MoviesInfo\pom.xml.
2024-02-13 23:29:16,019 [Worker-9: Building] INFO  o.a.m.s.f.DefaultMavenResourcesFiltering - Copying 0 resource from src\main\resources to target\classes
2024-02-13 23:29:16,022 [Worker-9: Building] INFO  o.a.m.s.f.DefaultMavenResourcesFiltering - Copying 0 resource from src\main\resources to target\classes
2024-02-13 23:29:16,030 [Worker-9: Building] INFO  o.a.m.s.f.DefaultMavenResourcesFiltering - skip non existing resourceDirectory C:\Users\nouma\Downloads\BEng Software Eng\Semester 2\Project 4\Final\Backend\MoviesInfo\MoviesInfo\src\test\resources
2024-02-13 23:29:42,934 [Worker-9: Building] INFO  o.e.m.c.i.l.LifecycleMappingFactory - Using org.eclipse.m2e.jdt.JarLifecycleMapping lifecycle mapping for MavenProject: ie.tus.athlone:MoviesInfo:0.0.1-SNAPSHOT @ C:\Users\nouma\Downloads\BEng Software Eng\Semester 2\Project 4\Final\Backend\MoviesInfo\MoviesInfo\pom.xml.
2024-02-13 23:29:44,322 [Worker-9: Building] INFO  o.a.m.s.f.DefaultMavenResourcesFiltering - Copying 0 resource from src\main\resources to target\classes
2024-02-13 23:29:44,324 [Worker-9: Building] INFO  o.a.m.s.f.DefaultMavenResourcesFiltering - Copying 0 resource from src\main\resources to target\classes
2024-02-13 23:29:44,331 [Worker-9: Building] INFO  o.a.m.s.f.DefaultMavenResourcesFiltering - skip non existing resourceDirectory C:\Users\nouma\Downloads\BEng Software Eng\Semester 2\Project 4\Final\Backend\MoviesInfo\MoviesInfo\src\test\resources
2024-02-13 23:48:33,009 [Worker-12: Building] INFO  o.a.m.s.f.DefaultMavenResourcesFiltering - Copying 1 resource from src\main\resources to target\classes
2024-02-13 23:48:33,063 [Worker-12: Building] INFO  o.a.m.s.f.DefaultMavenResourcesFiltering - Copying 0 resource from src\main\resources to target\classes
2024-02-13 23:48:33,094 [Worker-12: Building] INFO  o.a.m.s.f.DefaultMavenResourcesFiltering - skip non existing resourceDirectory C:\Users\nouma\Downloads\BEng Software Eng\Semester 2\Project 4\Final\Backend\MoviesInfo\MoviesInfo\src\test\resources
2024-02-14 00:08:53,000 [Worker-18: Building] INFO  o.a.m.s.f.DefaultMavenResourcesFiltering - Copying 1 resource from src\main\resources to target\classes
2024-02-14 00:08:53,039 [Worker-18: Building] INFO  o.a.m.s.f.DefaultMavenResourcesFiltering - Copying 0 resource from src\main\resources to target\classes
2024-02-14 00:08:53,046 [Worker-18: Building] INFO  o.a.m.s.f.DefaultMavenResourcesFiltering - skip non existing resourceDirectory C:\Users\nouma\Downloads\BEng Software Eng\Semester 2\Project 4\Final\Backend\MoviesInfo\MoviesInfo\src\test\resources
2024-02-14 00:12:08,907 [Worker-19: Building] INFO  o.a.m.s.f.DefaultMavenResourcesFiltering - Copying 1 resource from src\main\resources to target\classes
2024-02-14 00:12:08,956 [Worker-19: Building] INFO  o.a.m.s.f.DefaultMavenResourcesFiltering - Copying 0 resource from src\main\resources to target\classes
2024-02-14 00:12:08,963 [Worker-19: Building] INFO  o.a.m.s.f.DefaultMavenResourcesFiltering - skip non existing resourceDirectory C:\Users\nouma\Downloads\BEng Software Eng\Semester 2\Project 4\Final\Backend\MoviesInfo\MoviesInfo\src\test\resources
2024-02-14 00:12:19,914 [Worker-19: Building] INFO  o.a.m.s.f.DefaultMavenResourcesFiltering - Copying 1 resource from src\main\resources to target\classes
2024-02-14 00:12:19,942 [Worker-19: Building] INFO  o.a.m.s.f.DefaultMavenResourcesFiltering - Copying 0 resource from src\main\resources to target\classes
2024-02-14 00:12:19,952 [Worker-19: Building] INFO  o.a.m.s.f.DefaultMavenResourcesFiltering - skip non existing resourceDirectory C:\Users\nouma\Downloads\BEng Software Eng\Semester 2\Project 4\Final\Backend\MoviesInfo\MoviesInfo\src\test\resources
2024-02-14 00:36:56,641 [Worker-19: Building] INFO  o.a.m.s.f.DefaultMavenResourcesFiltering - Copying 1 resource from src\main\resources to target\classes
2024-02-14 00:36:56,723 [Worker-19: Building] INFO  o.a.m.s.f.DefaultMavenResourcesFiltering - Copying 0 resource from src\main\resources to target\classes
2024-02-14 00:36:56,734 [Worker-19: Building] INFO  o.a.m.s.f.DefaultMavenResourcesFiltering - skip non existing resourceDirectory C:\Users\nouma\Downloads\BEng Software Eng\Semester 2\Project 4\Final\Backend\MoviesInfo\MoviesInfo\src\test\resources
2024-02-14 00:42:15,880 [Worker-24: Building] INFO  o.a.m.s.f.DefaultMavenResourcesFiltering - Copying 1 resource from src\main\resources to target\classes
2024-02-14 00:42:15,890 [Worker-24: Building] INFO  o.a.m.s.f.DefaultMavenResourcesFiltering - Copying 0 resource from src\main\resources to target\classes
2024-02-14 00:42:15,898 [Worker-24: Building] INFO  o.a.m.s.f.DefaultMavenResourcesFiltering - skip non existing resourceDirectory C:\Users\nouma\Downloads\BEng Software Eng\Semester 2\Project 4\Final\Backend\MoviesInfo\MoviesInfo\src\test\resources
2024-02-14 00:43:10,851 [Worker-19: Building] INFO  o.a.m.s.f.DefaultMavenResourcesFiltering - Copying 1 resource from src\main\resources to target\classes
2024-02-14 00:43:10,970 [Worker-19: Building] INFO  o.a.m.s.f.DefaultMavenResourcesFiltering - Copying 0 resource from src\main\resources to target\classes
2024-02-14 00:43:10,979 [Worker-19: Building] INFO  o.a.m.s.f.DefaultMavenResourcesFiltering - skip non existing resourceDirectory C:\Users\nouma\Downloads\BEng Software Eng\Semester 2\Project 4\Final\Backend\MoviesInfo\MoviesInfo\src\test\resources
2024-02-14 00:43:13,360 [Worker-18: Building] INFO  o.a.m.s.f.DefaultMavenResourcesFiltering - Copying 1 resource from src\main\resources to target\classes
2024-02-14 00:43:13,463 [Worker-18: Building] INFO  o.a.m.s.f.DefaultMavenResourcesFiltering - Copying 0 resource from src\main\resources to target\classes
2024-02-14 00:43:13,469 [Worker-18: Building] INFO  o.a.m.s.f.DefaultMavenResourcesFiltering - skip non existing resourceDirectory C:\Users\nouma\Downloads\BEng Software Eng\Semester 2\Project 4\Final\Backend\MoviesInfo\MoviesInfo\src\test\resources
2024-02-14 00:44:02,010 [Worker-19: Building] INFO  o.a.m.s.f.DefaultMavenResourcesFiltering - Copying 1 resource from src\main\resources to target\classes
2024-02-14 00:44:02,027 [Worker-19: Building] INFO  o.a.m.s.f.DefaultMavenResourcesFiltering - Copying 0 resource from src\main\resources to target\classes
2024-02-14 00:44:02,036 [Worker-19: Building] INFO  o.a.m.s.f.DefaultMavenResourcesFiltering - skip non existing resourceDirectory C:\Users\nouma\Downloads\BEng Software Eng\Semester 2\Project 4\Final\Backend\MoviesInfo\MoviesInfo\src\test\resources
2024-02-14 00:44:12,413 [Worker-25: Building] INFO  o.a.m.s.f.DefaultMavenResourcesFiltering - Copying 1 resource from src\main\resources to target\classes
2024-02-14 00:44:12,434 [Worker-25: Building] INFO  o.a.m.s.f.DefaultMavenResourcesFiltering - Copying 0 resource from src\main\resources to target\classes
2024-02-14 00:44:12,458 [Worker-25: Building] INFO  o.a.m.s.f.DefaultMavenResourcesFiltering - skip non existing resourceDirectory C:\Users\nouma\Downloads\BEng Software Eng\Semester 2\Project 4\Final\Backend\MoviesInfo\MoviesInfo\src\test\resources
2024-02-14 00:49:54,656 [Worker-25: Building] INFO  o.a.m.s.f.DefaultMavenResourcesFiltering - Copying 1 resource from src\main\resources to target\classes
2024-02-14 00:49:54,681 [Worker-25: Building] INFO  o.a.m.s.f.DefaultMavenResourcesFiltering - Copying 0 resource from src\main\resources to target\classes
2024-02-14 00:49:54,690 [Worker-25: Building] INFO  o.a.m.s.f.DefaultMavenResourcesFiltering - skip non existing resourceDirectory C:\Users\nouma\Downloads\BEng Software Eng\Semester 2\Project 4\Final\Backend\MoviesInfo\MoviesInfo\src\test\resources
2024-02-14 00:53:53,622 [Worker-24: Building] INFO  o.a.m.s.f.DefaultMavenResourcesFiltering - Copying 1 resource from src\main\resources to target\classes
2024-02-14 00:53:53,646 [Worker-24: Building] INFO  o.a.m.s.f.DefaultMavenResourcesFiltering - Copying 0 resource from src\main\resources to target\classes
2024-02-14 00:53:53,651 [Worker-24: Building] INFO  o.a.m.s.f.DefaultMavenResourcesFiltering - skip non existing resourceDirectory C:\Users\nouma\Downloads\BEng Software Eng\Semester 2\Project 4\Final\Backend\MoviesInfo\MoviesInfo\src\test\resources
2024-02-14 00:54:16,539 [Worker-18: Building] INFO  o.a.m.s.f.DefaultMavenResourcesFiltering - Copying 1 resource from src\main\resources to target\classes
2024-02-14 00:54:16,561 [Worker-18: Building] INFO  o.a.m.s.f.DefaultMavenResourcesFiltering - Copying 0 resource from src\main\resources to target\classes
2024-02-14 00:54:16,567 [Worker-18: Building] INFO  o.a.m.s.f.DefaultMavenResourcesFiltering - skip non existing resourceDirectory C:\Users\nouma\Downloads\BEng Software Eng\Semester 2\Project 4\Final\Backend\MoviesInfo\MoviesInfo\src\test\resources
2024-02-14 00:55:56,047 [Worker-29: Building] INFO  o.a.m.s.f.DefaultMavenResourcesFiltering - Copying 1 resource from src\main\resources to target\classes
2024-02-14 00:55:56,058 [Worker-29: Building] INFO  o.a.m.s.f.DefaultMavenResourcesFiltering - Copying 0 resource from src\main\resources to target\classes
2024-02-14 00:55:56,063 [Worker-29: Building] INFO  o.a.m.s.f.DefaultMavenResourcesFiltering - skip non existing resourceDirectory C:\Users\nouma\Downloads\BEng Software Eng\Semester 2\Project 4\Final\Backend\MoviesInfo\MoviesInfo\src\test\resources
2024-02-14 00:59:28,895 [Worker-29: Building] INFO  o.a.m.s.f.DefaultMavenResourcesFiltering - Copying 1 resource from src\main\resources to target\classes
2024-02-14 00:59:28,910 [Worker-29: Building] INFO  o.a.m.s.f.DefaultMavenResourcesFiltering - Copying 0 resource from src\main\resources to target\classes
2024-02-14 00:59:28,917 [Worker-29: Building] INFO  o.a.m.s.f.DefaultMavenResourcesFiltering - skip non existing resourceDirectory C:\Users\nouma\Downloads\BEng Software Eng\Semester 2\Project 4\Final\Backend\MoviesInfo\MoviesInfo\src\test\resources
2024-02-14 00:59:33,655 [Worker-28: Building] INFO  o.a.m.s.f.DefaultMavenResourcesFiltering - Copying 1 resource from src\main\resources to target\classes
2024-02-14 00:59:33,672 [Worker-28: Building] INFO  o.a.m.s.f.DefaultMavenResourcesFiltering - Copying 0 resource from src\main\resources to target\classes
2024-02-14 00:59:33,678 [Worker-28: Building] INFO  o.a.m.s.f.DefaultMavenResourcesFiltering - skip non existing resourceDirectory C:\Users\nouma\Downloads\BEng Software Eng\Semester 2\Project 4\Final\Backend\MoviesInfo\MoviesInfo\src\test\resources
2024-02-14 01:00:03,968 [Worker-29: Building] INFO  o.a.m.s.f.DefaultMavenResourcesFiltering - Copying 1 resource from src\main\resources to target\classes
2024-02-14 01:00:03,975 [Worker-29: Building] INFO  o.a.m.s.f.DefaultMavenResourcesFiltering - Copying 0 resource from src\main\resources to target\classes
2024-02-14 01:00:03,981 [Worker-29: Building] INFO  o.a.m.s.f.DefaultMavenResourcesFiltering - skip non existing resourceDirectory C:\Users\nouma\Downloads\BEng Software Eng\Semester 2\Project 4\Final\Backend\MoviesInfo\MoviesInfo\src\test\resources
2024-02-14 01:00:19,120 [Worker-24: Building] INFO  o.a.m.s.f.DefaultMavenResourcesFiltering - Copying 1 resource from src\main\resources to target\classes
2024-02-14 01:00:19,126 [Worker-24: Building] INFO  o.a.m.s.f.DefaultMavenResourcesFiltering - Copying 0 resource from src\main\resources to target\classes
2024-02-14 01:00:19,132 [Worker-24: Building] INFO  o.a.m.s.f.DefaultMavenResourcesFiltering - skip non existing resourceDirectory C:\Users\nouma\Downloads\BEng Software Eng\Semester 2\Project 4\Final\Backend\MoviesInfo\MoviesInfo\src\test\resources
2024-02-14 01:01:05,791 [Worker-28: Building] INFO  o.a.m.s.f.DefaultMavenResourcesFiltering - Copying 1 resource from src\main\resources to target\classes
2024-02-14 01:01:05,800 [Worker-28: Building] INFO  o.a.m.s.f.DefaultMavenResourcesFiltering - Copying 0 resource from src\main\resources to target\classes
2024-02-14 01:01:05,805 [Worker-28: Building] INFO  o.a.m.s.f.DefaultMavenResourcesFiltering - skip non existing resourceDirectory C:\Users\nouma\Downloads\BEng Software Eng\Semester 2\Project 4\Final\Backend\MoviesInfo\MoviesInfo\src\test\resources
2024-02-14 01:01:48,617 [Worker-30: Building] INFO  o.a.m.s.f.DefaultMavenResourcesFiltering - Copying 1 resource from src\main\resources to target\classes
2024-02-14 01:01:48,628 [Worker-30: Building] INFO  o.a.m.s.f.DefaultMavenResourcesFiltering - Copying 0 resource from src\main\resources to target\classes
2024-02-14 01:01:48,634 [Worker-30: Building] INFO  o.a.m.s.f.DefaultMavenResourcesFiltering - skip non existing resourceDirectory C:\Users\nouma\Downloads\BEng Software Eng\Semester 2\Project 4\Final\Backend\MoviesInfo\MoviesInfo\src\test\resources
2024-02-14 01:01:52,492 [Worker-30: Building] INFO  o.a.m.s.f.DefaultMavenResourcesFiltering - Copying 1 resource from src\main\resources to target\classes
2024-02-14 01:01:52,506 [Worker-30: Building] INFO  o.a.m.s.f.DefaultMavenResourcesFiltering - Copying 0 resource from src\main\resources to target\classes
2024-02-14 01:01:52,512 [Worker-30: Building] INFO  o.a.m.s.f.DefaultMavenResourcesFiltering - skip non existing resourceDirectory C:\Users\nouma\Downloads\BEng Software Eng\Semester 2\Project 4\Final\Backend\MoviesInfo\MoviesInfo\src\test\resources
2024-02-14 01:08:55,005 [Worker-31: Building] INFO  o.a.m.s.f.DefaultMavenResourcesFiltering - Copying 1 resource from src\main\resources to target\classes
2024-02-14 01:08:55,017 [Worker-31: Building] INFO  o.a.m.s.f.DefaultMavenResourcesFiltering - Copying 0 resource from src\main\resources to target\classes
2024-02-14 01:08:55,024 [Worker-31: Building] INFO  o.a.m.s.f.DefaultMavenResourcesFiltering - skip non existing resourceDirectory C:\Users\nouma\Downloads\BEng Software Eng\Semester 2\Project 4\Final\Backend\MoviesInfo\MoviesInfo\src\test\resources
2024-02-14 01:09:33,803 [Worker-31: Building] INFO  o.a.m.s.f.DefaultMavenResourcesFiltering - Copying 1 resource from src\main\resources to target\classes
2024-02-14 01:09:33,829 [Worker-31: Building] INFO  o.a.m.s.f.DefaultMavenResourcesFiltering - Copying 0 resource from src\main\resources to target\classes
2024-02-14 01:09:33,835 [Worker-31: Building] INFO  o.a.m.s.f.DefaultMavenResourcesFiltering - skip non existing resourceDirectory C:\Users\nouma\Downloads\BEng Software Eng\Semester 2\Project 4\Final\Backend\MoviesInfo\MoviesInfo\src\test\resources
2024-02-14 01:11:06,557 [Worker-31: Building] INFO  o.a.m.s.f.DefaultMavenResourcesFiltering - Copying 1 resource from src\main\resources to target\classes
2024-02-14 01:11:06,583 [Worker-31: Building] INFO  o.a.m.s.f.DefaultMavenResourcesFiltering - Copying 0 resource from src\main\resources to target\classes
2024-02-14 01:11:06,588 [Worker-31: Building] INFO  o.a.m.s.f.DefaultMavenResourcesFiltering - skip non existing resourceDirectory C:\Users\nouma\Downloads\BEng Software Eng\Semester 2\Project 4\Final\Backend\MoviesInfo\MoviesInfo\src\test\resources
2024-02-14 01:11:22,774 [Worker-18: Building] INFO  o.a.m.s.f.DefaultMavenResourcesFiltering - Copying 1 resource from src\main\resources to target\classes
2024-02-14 01:11:22,827 [Worker-18: Building] INFO  o.a.m.s.f.DefaultMavenResourcesFiltering - Copying 0 resource from src\main\resources to target\classes
2024-02-14 01:11:22,834 [Worker-18: Building] INFO  o.a.m.s.f.DefaultMavenResourcesFiltering - skip non existing resourceDirectory C:\Users\nouma\Downloads\BEng Software Eng\Semester 2\Project 4\Final\Backend\MoviesInfo\MoviesInfo\src\test\resources
2024-02-14 01:14:09,013 [Worker-18: Building] INFO  o.a.m.s.f.DefaultMavenResourcesFiltering - Copying 1 resource from src\main\resources to target\classes
2024-02-14 01:14:09,046 [Worker-18: Building] INFO  o.a.m.s.f.DefaultMavenResourcesFiltering - Copying 0 resource from src\main\resources to target\classes
2024-02-14 01:14:09,054 [Worker-18: Building] INFO  o.a.m.s.f.DefaultMavenResourcesFiltering - skip non existing resourceDirectory C:\Users\nouma\Downloads\BEng Software Eng\Semester 2\Project 4\Final\Backend\MoviesInfo\MoviesInfo\src\test\resources
2024-02-14 01:16:48,164 [Worker-18: Building] INFO  o.a.m.s.f.DefaultMavenResourcesFiltering - Copying 1 resource from src\main\resources to target\classes
2024-02-14 01:16:48,192 [Worker-18: Building] INFO  o.a.m.s.f.DefaultMavenResourcesFiltering - Copying 0 resource from src\main\resources to target\classes
2024-02-14 01:16:48,198 [Worker-18: Building] INFO  o.a.m.s.f.DefaultMavenResourcesFiltering - skip non existing resourceDirectory C:\Users\nouma\Downloads\BEng Software Eng\Semester 2\Project 4\Final\Backend\MoviesInfo\MoviesInfo\src\test\resources
2024-02-14 01:17:41,921 [Worker-31: Building] INFO  o.a.m.s.f.DefaultMavenResourcesFiltering - Copying 1 resource from src\main\resources to target\classes
2024-02-14 01:17:41,963 [Worker-31: Building] INFO  o.a.m.s.f.DefaultMavenResourcesFiltering - Copying 0 resource from src\main\resources to target\classes
2024-02-14 01:17:41,969 [Worker-31: Building] INFO  o.a.m.s.f.DefaultMavenResourcesFiltering - skip non existing resourceDirectory C:\Users\nouma\Downloads\BEng Software Eng\Semester 2\Project 4\Final\Backend\MoviesInfo\MoviesInfo\src\test\resources
2024-02-14 01:19:40,312 [Worker-18: Building] INFO  o.a.m.s.f.DefaultMavenResourcesFiltering - Copying 1 resource from src\main\resources to target\classes
2024-02-14 01:19:40,317 [Worker-18: Building] INFO  o.a.m.s.f.DefaultMavenResourcesFiltering - Copying 0 resource from src\main\resources to target\classes
2024-02-14 01:19:40,322 [Worker-18: Building] INFO  o.a.m.s.f.DefaultMavenResourcesFiltering - skip non existing resourceDirectory C:\Users\nouma\Downloads\BEng Software Eng\Semester 2\Project 4\Final\Backend\MoviesInfo\MoviesInfo\src\test\resources
2024-02-14 01:22:29,516 [Worker-13: Launching MoviesInfoApplication] INFO  o.a.m.s.f.DefaultMavenResourcesFiltering - Copying 1 resource from src\main\resources to target\classes
2024-02-14 01:22:29,618 [Worker-13: Launching MoviesInfoApplication] INFO  o.a.m.s.f.DefaultMavenResourcesFiltering - Copying 0 resource from src\main\resources to target\classes
2024-02-14 01:22:29,628 [Worker-13: Launching MoviesInfoApplication] INFO  o.a.m.s.f.DefaultMavenResourcesFiltering - skip non existing resourceDirectory C:\Users\nouma\Downloads\BEng Software Eng\Semester 2\Project 4\Final\Backend\MoviesInfo\MoviesInfo\src\test\resources
2024-02-14 01:24:18,332 [Worker-32: Building] INFO  o.a.m.s.f.DefaultMavenResourcesFiltering - Copying 1 resource from src\main\resources to target\classes
2024-02-14 01:24:18,346 [Worker-32: Building] INFO  o.a.m.s.f.DefaultMavenResourcesFiltering - Copying 0 resource from src\main\resources to target\classes
2024-02-14 01:24:18,354 [Worker-32: Building] INFO  o.a.m.s.f.DefaultMavenResourcesFiltering - skip non existing resourceDirectory C:\Users\nouma\Downloads\BEng Software Eng\Semester 2\Project 4\Final\Backend\MoviesInfo\MoviesInfo\src\test\resources
2024-02-14 01:24:30,530 [Worker-18: Building] INFO  o.a.m.s.f.DefaultMavenResourcesFiltering - Copying 1 resource from src\main\resources to target\classes
2024-02-14 01:24:30,539 [Worker-18: Building] INFO  o.a.m.s.f.DefaultMavenResourcesFiltering - Copying 0 resource from src\main\resources to target\classes
2024-02-14 01:24:30,544 [Worker-18: Building] INFO  o.a.m.s.f.DefaultMavenResourcesFiltering - skip non existing resourceDirectory C:\Users\nouma\Downloads\BEng Software Eng\Semester 2\Project 4\Final\Backend\MoviesInfo\MoviesInfo\src\test\resources
2024-02-14 01:26:20,618 [Worker-32: Building] INFO  o.a.m.s.f.DefaultMavenResourcesFiltering - Copying 1 resource from src\main\resources to target\classes
2024-02-14 01:26:20,645 [Worker-32: Building] INFO  o.a.m.s.f.DefaultMavenResourcesFiltering - Copying 0 resource from src\main\resources to target\classes
2024-02-14 01:26:20,651 [Worker-32: Building] INFO  o.a.m.s.f.DefaultMavenResourcesFiltering - skip non existing resourceDirectory C:\Users\nouma\Downloads\BEng Software Eng\Semester 2\Project 4\Final\Backend\MoviesInfo\MoviesInfo\src\test\resources
2024-02-14 01:26:58,180 [Worker-33: Building] INFO  o.a.m.s.f.DefaultMavenResourcesFiltering - Copying 1 resource from src\main\resources to target\classes
2024-02-14 01:26:58,212 [Worker-33: Building] INFO  o.a.m.s.f.DefaultMavenResourcesFiltering - Copying 0 resource from src\main\resources to target\classes
2024-02-14 01:26:58,217 [Worker-33: Building] INFO  o.a.m.s.f.DefaultMavenResourcesFiltering - skip non existing resourceDirectory C:\Users\nouma\Downloads\BEng Software Eng\Semester 2\Project 4\Final\Backend\MoviesInfo\MoviesInfo\src\test\resources
2024-02-14 01:29:42,748 [Worker-34: Building] INFO  o.a.m.s.f.DefaultMavenResourcesFiltering - Copying 1 resource from src\main\resources to target\classes
2024-02-14 01:29:42,759 [Worker-34: Building] INFO  o.a.m.s.f.DefaultMavenResourcesFiltering - Copying 0 resource from src\main\resources to target\classes
2024-02-14 01:29:42,765 [Worker-34: Building] INFO  o.a.m.s.f.DefaultMavenResourcesFiltering - skip non existing resourceDirectory C:\Users\nouma\Downloads\BEng Software Eng\Semester 2\Project 4\Final\Backend\MoviesInfo\MoviesInfo\src\test\resources
2024-02-14 01:40:33,620 [Worker-34: Building] INFO  o.a.m.s.f.DefaultMavenResourcesFiltering - Copying 1 resource from src\main\resources to target\classes
2024-02-14 01:40:33,708 [Worker-34: Building] INFO  o.a.m.s.f.DefaultMavenResourcesFiltering - Copying 0 resource from src\main\resources to target\classes
2024-02-14 01:40:33,715 [Worker-34: Building] INFO  o.a.m.s.f.DefaultMavenResourcesFiltering - skip non existing resourceDirectory C:\Users\nouma\Downloads\BEng Software Eng\Semester 2\Project 4\Final\Backend\MoviesInfo\MoviesInfo\src\test\resources
2024-02-14 01:41:22,516 [Worker-34: Building] INFO  o.a.m.s.f.DefaultMavenResourcesFiltering - Copying 1 resource from src\main\resources to target\classes
2024-02-14 01:41:22,526 [Worker-34: Building] INFO  o.a.m.s.f.DefaultMavenResourcesFiltering - Copying 0 resource from src\main\resources to target\classes
2024-02-14 01:41:22,531 [Worker-34: Building] INFO  o.a.m.s.f.DefaultMavenResourcesFiltering - skip non existing resourceDirectory C:\Users\nouma\Downloads\BEng Software Eng\Semester 2\Project 4\Final\Backend\MoviesInfo\MoviesInfo\src\test\resources
2024-02-14 01:45:29,789 [Worker-37: Building] INFO  o.a.m.s.f.DefaultMavenResourcesFiltering - Copying 1 resource from src\main\resources to target\classes
2024-02-14 01:45:29,799 [Worker-37: Building] INFO  o.a.m.s.f.DefaultMavenResourcesFiltering - Copying 0 resource from src\main\resources to target\classes
2024-02-14 01:45:29,804 [Worker-37: Building] INFO  o.a.m.s.f.DefaultMavenResourcesFiltering - skip non existing resourceDirectory C:\Users\nouma\Downloads\BEng Software Eng\Semester 2\Project 4\Final\Backend\MoviesInfo\MoviesInfo\src\test\resources
2024-02-14 01:47:15,194 [Worker-38: Building] INFO  o.a.m.s.f.DefaultMavenResourcesFiltering - Copying 1 resource from src\main\resources to target\classes
2024-02-14 01:47:15,206 [Worker-38: Building] INFO  o.a.m.s.f.DefaultMavenResourcesFiltering - Copying 0 resource from src\main\resources to target\classes
2024-02-14 01:47:15,212 [Worker-38: Building] INFO  o.a.m.s.f.DefaultMavenResourcesFiltering - skip non existing resourceDirectory C:\Users\nouma\Downloads\BEng Software Eng\Semester 2\Project 4\Final\Backend\MoviesInfo\MoviesInfo\src\test\resources
2024-02-14 01:57:26,132 [Worker-37: Building] INFO  o.a.m.s.f.DefaultMavenResourcesFiltering - Copying 1 resource from src\main\resources to target\classes
2024-02-14 01:57:26,153 [Worker-37: Building] INFO  o.a.m.s.f.DefaultMavenResourcesFiltering - Copying 0 resource from src\main\resources to target\classes
2024-02-14 01:57:26,161 [Worker-37: Building] INFO  o.a.m.s.f.DefaultMavenResourcesFiltering - skip non existing resourceDirectory C:\Users\nouma\Downloads\BEng Software Eng\Semester 2\Project 4\Final\Backend\MoviesInfo\MoviesInfo\src\test\resources
2024-02-14 01:58:06,360 [Worker-37: Building] INFO  o.a.m.s.f.DefaultMavenResourcesFiltering - Copying 1 resource from src\main\resources to target\classes
2024-02-14 01:58:06,521 [Worker-37: Building] INFO  o.a.m.s.f.DefaultMavenResourcesFiltering - Copying 0 resource from src\main\resources to target\classes
2024-02-14 01:58:06,527 [Worker-37: Building] INFO  o.a.m.s.f.DefaultMavenResourcesFiltering - skip non existing resourceDirectory C:\Users\nouma\Downloads\BEng Software Eng\Semester 2\Project 4\Final\Backend\MoviesInfo\MoviesInfo\src\test\resources
2024-02-14 01:58:12,891 [Worker-40: Building] INFO  o.a.m.s.f.DefaultMavenResourcesFiltering - Copying 1 resource from src\main\resources to target\classes
2024-02-14 01:58:13,070 [Worker-40: Building] INFO  o.a.m.s.f.DefaultMavenResourcesFiltering - Copying 0 resource from src\main\resources to target\classes
2024-02-14 01:58:13,074 [Worker-40: Building] INFO  o.a.m.s.f.DefaultMavenResourcesFiltering - skip non existing resourceDirectory C:\Users\nouma\Downloads\BEng Software Eng\Semester 2\Project 4\Final\Backend\MoviesInfo\MoviesInfo\src\test\resources
2024-02-14 01:59:50,748 [Worker-37: Building] INFO  o.a.m.s.f.DefaultMavenResourcesFiltering - Copying 1 resource from src\main\resources to target\classes
2024-02-14 01:59:51,020 [Worker-37: Building] INFO  o.a.m.s.f.DefaultMavenResourcesFiltering - Copying 0 resource from src\main\resources to target\classes
2024-02-14 01:59:51,023 [Worker-37: Building] INFO  o.a.m.s.f.DefaultMavenResourcesFiltering - skip non existing resourceDirectory C:\Users\nouma\Downloads\BEng Software Eng\Semester 2\Project 4\Final\Backend\MoviesInfo\MoviesInfo\src\test\resources
2024-02-14 02:06:23,926 [Worker-34: Building] INFO  o.a.m.s.f.DefaultMavenResourcesFiltering - Copying 1 resource from src\main\resources to target\classes
2024-02-14 02:06:23,940 [Worker-34: Building] INFO  o.a.m.s.f.DefaultMavenResourcesFiltering - Copying 0 resource from src\main\resources to target\classes
2024-02-14 02:06:23,963 [Worker-34: Building] INFO  o.a.m.s.f.DefaultMavenResourcesFiltering - skip non existing resourceDirectory C:\Users\nouma\Downloads\BEng Software Eng\Semester 2\Project 4\Final\Backend\MoviesInfo\MoviesInfo\src\test\resources
2024-02-14 02:06:57,552 [Worker-37: Building] INFO  o.a.m.s.f.DefaultMavenResourcesFiltering - Copying 1 resource from src\main\resources to target\classes
2024-02-14 02:06:57,586 [Worker-37: Building] INFO  o.a.m.s.f.DefaultMavenResourcesFiltering - Copying 0 resource from src\main\resources to target\classes
2024-02-14 02:06:57,592 [Worker-37: Building] INFO  o.a.m.s.f.DefaultMavenResourcesFiltering - skip non existing resourceDirectory C:\Users\nouma\Downloads\BEng Software Eng\Semester 2\Project 4\Final\Backend\MoviesInfo\MoviesInfo\src\test\resources
2024-02-14 02:08:24,103 [Worker-41: Building] INFO  o.a.m.s.f.DefaultMavenResourcesFiltering - Copying 1 resource from src\main\resources to target\classes
2024-02-14 02:08:24,112 [Worker-41: Building] INFO  o.a.m.s.f.DefaultMavenResourcesFiltering - Copying 0 resource from src\main\resources to target\classes
2024-02-14 02:08:24,116 [Worker-41: Building] INFO  o.a.m.s.f.DefaultMavenResourcesFiltering - skip non existing resourceDirectory C:\Users\nouma\Downloads\BEng Software Eng\Semester 2\Project 4\Final\Backend\MoviesInfo\MoviesInfo\src\test\resources
2024-02-14 02:10:30,962 [Worker-41: Building] INFO  o.a.m.s.f.DefaultMavenResourcesFiltering - Copying 1 resource from src\main\resources to target\classes
2024-02-14 02:10:31,009 [Worker-41: Building] INFO  o.a.m.s.f.DefaultMavenResourcesFiltering - Copying 0 resource from src\main\resources to target\classes
2024-02-14 02:10:31,014 [Worker-41: Building] INFO  o.a.m.s.f.DefaultMavenResourcesFiltering - skip non existing resourceDirectory C:\Users\nouma\Downloads\BEng Software Eng\Semester 2\Project 4\Final\Backend\MoviesInfo\MoviesInfo\src\test\resources
2024-02-14 02:10:41,521 [Worker-41: Building] INFO  o.a.m.s.f.DefaultMavenResourcesFiltering - Copying 1 resource from src\main\resources to target\classes
2024-02-14 02:10:41,544 [Worker-41: Building] INFO  o.a.m.s.f.DefaultMavenResourcesFiltering - Copying 0 resource from src\main\resources to target\classes
2024-02-14 02:10:41,549 [Worker-41: Building] INFO  o.a.m.s.f.DefaultMavenResourcesFiltering - skip non existing resourceDirectory C:\Users\nouma\Downloads\BEng Software Eng\Semester 2\Project 4\Final\Backend\MoviesInfo\MoviesInfo\src\test\resources
2024-02-14 02:11:13,407 [Worker-42: Building] INFO  o.a.m.s.f.DefaultMavenResourcesFiltering - Copying 1 resource from src\main\resources to target\classes
2024-02-14 02:11:13,514 [Worker-42: Building] INFO  o.a.m.s.f.DefaultMavenResourcesFiltering - Copying 0 resource from src\main\resources to target\classes
2024-02-14 02:11:13,518 [Worker-42: Building] INFO  o.a.m.s.f.DefaultMavenResourcesFiltering - skip non existing resourceDirectory C:\Users\nouma\Downloads\BEng Software Eng\Semester 2\Project 4\Final\Backend\MoviesInfo\MoviesInfo\src\test\resources
2024-02-14 02:11:32,223 [Worker-34: Building] INFO  o.a.m.s.f.DefaultMavenResourcesFiltering - Copying 1 resource from src\main\resources to target\classes
2024-02-14 02:11:32,235 [Worker-34: Building] INFO  o.a.m.s.f.DefaultMavenResourcesFiltering - Copying 0 resource from src\main\resources to target\classes
2024-02-14 02:11:32,240 [Worker-34: Building] INFO  o.a.m.s.f.DefaultMavenResourcesFiltering - skip non existing resourceDirectory C:\Users\nouma\Downloads\BEng Software Eng\Semester 2\Project 4\Final\Backend\MoviesInfo\MoviesInfo\src\test\resources
2024-02-14 21:52:40,945 [Worker-0: Loading available Gradle versions] INFO  o.e.b.c.i.u.g.PublishedGradleVersions - Gradle version information cache is up-to-date. Trying to read.
2024-02-14 22:09:28,884 [Worker-19: Building] INFO  o.a.m.s.f.DefaultMavenResourcesFiltering - Copying 1 resource from src\main\resources to target\classes
2024-02-14 22:09:28,970 [Worker-19: Building] INFO  o.a.m.s.f.DefaultMavenResourcesFiltering - Copying 0 resource from src\main\resources to target\classes
2024-02-14 22:09:28,984 [Worker-19: Building] INFO  o.a.m.s.f.DefaultMavenResourcesFiltering - skip non existing resourceDirectory C:\Users\nouma\Downloads\BEng Software Eng\Semester 2\Project 4\Final\Backend\MoviesInfo\MoviesInfo\src\test\resources
2024-02-14 22:16:01,215 [Worker-13: Building] INFO  o.a.m.s.f.DefaultMavenResourcesFiltering - Copying 1 resource from src\main\resources to target\classes
2024-02-14 22:16:01,402 [Worker-13: Building] INFO  o.a.m.s.f.DefaultMavenResourcesFiltering - Copying 0 resource from src\main\resources to target\classes
2024-02-14 22:16:01,424 [Worker-13: Building] INFO  o.a.m.s.f.DefaultMavenResourcesFiltering - skip non existing resourceDirectory C:\Users\nouma\Downloads\BEng Software Eng\Semester 2\Project 4\Final\Backend\MoviesInfo\MoviesInfo\src\test\resources
2024-02-14 22:17:09,195 [Worker-21: Building] INFO  o.a.m.s.f.DefaultMavenResourcesFiltering - Copying 1 resource from src\main\resources to target\classes
2024-02-14 22:17:09,221 [Worker-21: Building] INFO  o.a.m.s.f.DefaultMavenResourcesFiltering - Copying 0 resource from src\main\resources to target\classes
2024-02-14 22:17:09,233 [Worker-21: Building] INFO  o.a.m.s.f.DefaultMavenResourcesFiltering - skip non existing resourceDirectory C:\Users\nouma\Downloads\BEng Software Eng\Semester 2\Project 4\Final\Backend\MoviesInfo\MoviesInfo\src\test\resources
2024-02-14 22:17:16,915 [Worker-20: Building] INFO  o.a.m.s.f.DefaultMavenResourcesFiltering - Copying 1 resource from src\main\resources to target\classes
2024-02-14 22:17:16,936 [Worker-20: Building] INFO  o.a.m.s.f.DefaultMavenResourcesFiltering - Copying 0 resource from src\main\resources to target\classes
2024-02-14 22:17:16,948 [Worker-20: Building] INFO  o.a.m.s.f.DefaultMavenResourcesFiltering - skip non existing resourceDirectory C:\Users\nouma\Downloads\BEng Software Eng\Semester 2\Project 4\Final\Backend\MoviesInfo\MoviesInfo\src\test\resources
2024-02-14 22:17:40,996 [Worker-21: Building] INFO  o.a.m.s.f.DefaultMavenResourcesFiltering - Copying 1 resource from src\main\resources to target\classes
2024-02-14 22:17:41,004 [Worker-21: Building] INFO  o.a.m.s.f.DefaultMavenResourcesFiltering - Copying 0 resource from src\main\resources to target\classes
2024-02-14 22:17:41,010 [Worker-21: Building] INFO  o.a.m.s.f.DefaultMavenResourcesFiltering - skip non existing resourceDirectory C:\Users\nouma\Downloads\BEng Software Eng\Semester 2\Project 4\Final\Backend\MoviesInfo\MoviesInfo\src\test\resources
2024-02-14 22:23:00,687 [Worker-21: Building] INFO  o.a.m.s.f.DefaultMavenResourcesFiltering - Copying 1 resource from src\main\resources to target\classes
2024-02-14 22:23:00,695 [Worker-21: Building] INFO  o.a.m.s.f.DefaultMavenResourcesFiltering - Copying 0 resource from src\main\resources to target\classes
2024-02-14 22:23:00,701 [Worker-21: Building] INFO  o.a.m.s.f.DefaultMavenResourcesFiltering - skip non existing resourceDirectory C:\Users\nouma\Downloads\BEng Software Eng\Semester 2\Project 4\Final\Backend\MoviesInfo\MoviesInfo\src\test\resources
2024-02-14 22:31:52,640 [Worker-37: Building] INFO  o.a.m.s.f.DefaultMavenResourcesFiltering - Copying 1 resource from src\main\resources to target\classes
2024-02-14 22:31:52,737 [Worker-37: Building] INFO  o.a.m.s.f.DefaultMavenResourcesFiltering - Copying 0 resource from src\main\resources to target\classes
2024-02-14 22:31:52,776 [Worker-37: Building] INFO  o.a.m.s.f.DefaultMavenResourcesFiltering - skip non existing resourceDirectory C:\Users\nouma\Downloads\BEng Software Eng\Semester 2\Project 4\Final\Backend\MoviesInfo\MoviesInfo\src\test\resources
2024-02-14 22:57:25,882 [Worker-38: Building] INFO  o.a.m.s.f.DefaultMavenResourcesFiltering - Copying 1 resource from src\main\resources to target\classes
2024-02-14 22:57:26,011 [Worker-38: Building] INFO  o.a.m.s.f.DefaultMavenResourcesFiltering - Copying 0 resource from src\main\resources to target\classes
2024-02-14 22:57:26,025 [Worker-38: Building] INFO  o.a.m.s.f.DefaultMavenResourcesFiltering - skip non existing resourceDirectory C:\Users\nouma\Downloads\BEng Software Eng\Semester 2\Project 4\Final\Backend\MoviesInfo\MoviesInfo\src\test\resources
2024-02-14 23:00:30,754 [Worker-20: Building] INFO  o.a.m.s.f.DefaultMavenResourcesFiltering - Copying 1 resource from src\main\resources to target\classes
2024-02-14 23:00:30,929 [Worker-20: Building] INFO  o.a.m.s.f.DefaultMavenResourcesFiltering - Copying 0 resource from src\main\resources to target\classes
2024-02-14 23:00:30,941 [Worker-20: Building] INFO  o.a.m.s.f.DefaultMavenResourcesFiltering - skip non existing resourceDirectory C:\Users\nouma\Downloads\BEng Software Eng\Semester 2\Project 4\Final\Backend\MoviesInfo\MoviesInfo\src\test\resources
2024-02-14 23:01:39,980 [Worker-38: Building] INFO  o.a.m.s.f.DefaultMavenResourcesFiltering - Copying 1 resource from src\main\resources to target\classes
2024-02-14 23:01:40,050 [Worker-38: Building] INFO  o.a.m.s.f.DefaultMavenResourcesFiltering - Copying 0 resource from src\main\resources to target\classes
2024-02-14 23:01:40,060 [Worker-38: Building] INFO  o.a.m.s.f.DefaultMavenResourcesFiltering - skip non existing resourceDirectory C:\Users\nouma\Downloads\BEng Software Eng\Semester 2\Project 4\Final\Backend\MoviesInfo\MoviesInfo\src\test\resources
2024-02-14 23:01:44,553 [Worker-38: Building] INFO  o.a.m.s.f.DefaultMavenResourcesFiltering - Copying 1 resource from src\main\resources to target\classes
2024-02-14 23:01:44,572 [Worker-38: Building] INFO  o.a.m.s.f.DefaultMavenResourcesFiltering - Copying 0 resource from src\main\resources to target\classes
2024-02-14 23:01:44,579 [Worker-38: Building] INFO  o.a.m.s.f.DefaultMavenResourcesFiltering - skip non existing resourceDirectory C:\Users\nouma\Downloads\BEng Software Eng\Semester 2\Project 4\Final\Backend\MoviesInfo\MoviesInfo\src\test\resources
